<?xml version="1.0" encoding="UTF-8"?>
<testsuite xmlns:xsi="http://www.w3.org/2001/XMLSchema-instance" xsi:noNamespaceSchemaLocation="https://maven.apache.org/surefire/maven-surefire-plugin/xsd/surefire-test-report.xsd" name="com.example.demo.openshift.OpenshiftApplicationTests" time="10.019" tests="1" errors="0" skipped="0" failures="0">
  <properties>
    <property name="sun.desktop" value="windows"/>
    <property name="awt.toolkit" value="sun.awt.windows.WToolkit"/>
    <property name="file.encoding.pkg" value="sun.io"/>
    <property name="java.specification.version" value="1.8"/>
    <property name="sun.cpu.isalist" value="amd64"/>
    <property name="sun.jnu.encoding" value="Cp1252"/>
    <property name="java.class.path" value="D:\Eclipse\2019\eclipse-workspace\openshift\target\test-classes;D:\Eclipse\2019\eclipse-workspace\openshift\target\classes;C:\Users\Ridlwan\.m2\repository\org\springframework\boot\spring-boot-starter-data-jpa\2.1.13.RELEASE\spring-boot-starter-data-jpa-2.1.13.RELEASE.jar;C:\Users\Ridlwan\.m2\repository\org\springframework\boot\spring-boot-starter-aop\2.1.13.RELEASE\spring-boot-starter-aop-2.1.13.RELEASE.jar;C:\Users\Ridlwan\.m2\repository\org\aspectj\aspectjweaver\1.9.5\aspectjweaver-1.9.5.jar;C:\Users\Ridlwan\.m2\repository\org\springframework\boot\spring-boot-starter-jdbc\2.1.13.RELEASE\spring-boot-starter-jdbc-2.1.13.RELEASE.jar;C:\Users\Ridlwan\.m2\repository\com\zaxxer\HikariCP\3.2.0\HikariCP-3.2.0.jar;C:\Users\Ridlwan\.m2\repository\org\springframework\spring-jdbc\5.1.14.RELEASE\spring-jdbc-5.1.14.RELEASE.jar;C:\Users\Ridlwan\.m2\repository\javax\transaction\javax.transaction-api\1.3\javax.transaction-api-1.3.jar;C:\Users\Ridlwan\.m2\repository\javax\xml\bind\jaxb-api\2.3.1\jaxb-api-2.3.1.jar;C:\Users\Ridlwan\.m2\repository\javax\activation\javax.activation-api\1.2.0\javax.activation-api-1.2.0.jar;C:\Users\Ridlwan\.m2\repository\org\hibernate\hibernate-core\5.3.15.Final\hibernate-core-5.3.15.Final.jar;C:\Users\Ridlwan\.m2\repository\org\jboss\logging\jboss-logging\3.3.3.Final\jboss-logging-3.3.3.Final.jar;C:\Users\Ridlwan\.m2\repository\javax\persistence\javax.persistence-api\2.2\javax.persistence-api-2.2.jar;C:\Users\Ridlwan\.m2\repository\org\javassist\javassist\3.23.2-GA\javassist-3.23.2-GA.jar;C:\Users\Ridlwan\.m2\repository\net\bytebuddy\byte-buddy\1.9.16\byte-buddy-1.9.16.jar;C:\Users\Ridlwan\.m2\repository\antlr\antlr\2.7.7\antlr-2.7.7.jar;C:\Users\Ridlwan\.m2\repository\org\jboss\jandex\2.0.5.Final\jandex-2.0.5.Final.jar;C:\Users\Ridlwan\.m2\repository\com\fasterxml\classmate\1.4.0\classmate-1.4.0.jar;C:\Users\Ridlwan\.m2\repository\org\dom4j\dom4j\2.1.1\dom4j-2.1.1.jar;C:\Users\Ridlwan\.m2\repository\org\hibernate\common\hibernate-commons-annotations\5.0.4.Final\hibernate-commons-annotations-5.0.4.Final.jar;C:\Users\Ridlwan\.m2\repository\org\glassfish\jaxb\jaxb-runtime\2.3.1\jaxb-runtime-2.3.1.jar;C:\Users\Ridlwan\.m2\repository\org\glassfish\jaxb\txw2\2.3.1\txw2-2.3.1.jar;C:\Users\Ridlwan\.m2\repository\com\sun\istack\istack-commons-runtime\3.0.7\istack-commons-runtime-3.0.7.jar;C:\Users\Ridlwan\.m2\repository\org\jvnet\staxex\stax-ex\1.8\stax-ex-1.8.jar;C:\Users\Ridlwan\.m2\repository\com\sun\xml\fastinfoset\FastInfoset\1.2.15\FastInfoset-1.2.15.jar;C:\Users\Ridlwan\.m2\repository\org\springframework\data\spring-data-jpa\2.1.16.RELEASE\spring-data-jpa-2.1.16.RELEASE.jar;C:\Users\Ridlwan\.m2\repository\org\springframework\data\spring-data-commons\2.1.16.RELEASE\spring-data-commons-2.1.16.RELEASE.jar;C:\Users\Ridlwan\.m2\repository\org\springframework\spring-orm\5.1.14.RELEASE\spring-orm-5.1.14.RELEASE.jar;C:\Users\Ridlwan\.m2\repository\org\springframework\spring-context\5.1.14.RELEASE\spring-context-5.1.14.RELEASE.jar;C:\Users\Ridlwan\.m2\repository\org\springframework\spring-tx\5.1.14.RELEASE\spring-tx-5.1.14.RELEASE.jar;C:\Users\Ridlwan\.m2\repository\org\springframework\spring-beans\5.1.14.RELEASE\spring-beans-5.1.14.RELEASE.jar;C:\Users\Ridlwan\.m2\repository\org\slf4j\slf4j-api\1.7.30\slf4j-api-1.7.30.jar;C:\Users\Ridlwan\.m2\repository\org\springframework\spring-aspects\5.1.14.RELEASE\spring-aspects-5.1.14.RELEASE.jar;C:\Users\Ridlwan\.m2\repository\org\springframework\boot\spring-boot-starter-security\2.1.13.RELEASE\spring-boot-starter-security-2.1.13.RELEASE.jar;C:\Users\Ridlwan\.m2\repository\org\springframework\boot\spring-boot-starter\2.1.13.RELEASE\spring-boot-starter-2.1.13.RELEASE.jar;C:\Users\Ridlwan\.m2\repository\org\springframework\boot\spring-boot\2.1.13.RELEASE\spring-boot-2.1.13.RELEASE.jar;C:\Users\Ridlwan\.m2\repository\org\springframework\boot\spring-boot-autoconfigure\2.1.13.RELEASE\spring-boot-autoconfigure-2.1.13.RELEASE.jar;C:\Users\Ridlwan\.m2\repository\org\springframework\boot\spring-boot-starter-logging\2.1.13.RELEASE\spring-boot-starter-logging-2.1.13.RELEASE.jar;C:\Users\Ridlwan\.m2\repository\ch\qos\logback\logback-classic\1.2.3\logback-classic-1.2.3.jar;C:\Users\Ridlwan\.m2\repository\ch\qos\logback\logback-core\1.2.3\logback-core-1.2.3.jar;C:\Users\Ridlwan\.m2\repository\org\apache\logging\log4j\log4j-to-slf4j\2.11.2\log4j-to-slf4j-2.11.2.jar;C:\Users\Ridlwan\.m2\repository\org\apache\logging\log4j\log4j-api\2.11.2\log4j-api-2.11.2.jar;C:\Users\Ridlwan\.m2\repository\org\slf4j\jul-to-slf4j\1.7.30\jul-to-slf4j-1.7.30.jar;C:\Users\Ridlwan\.m2\repository\javax\annotation\javax.annotation-api\1.3.2\javax.annotation-api-1.3.2.jar;C:\Users\Ridlwan\.m2\repository\org\yaml\snakeyaml\1.23\snakeyaml-1.23.jar;C:\Users\Ridlwan\.m2\repository\org\springframework\spring-aop\5.1.14.RELEASE\spring-aop-5.1.14.RELEASE.jar;C:\Users\Ridlwan\.m2\repository\org\springframework\security\spring-security-config\5.1.8.RELEASE\spring-security-config-5.1.8.RELEASE.jar;C:\Users\Ridlwan\.m2\repository\org\springframework\security\spring-security-web\5.1.8.RELEASE\spring-security-web-5.1.8.RELEASE.jar;C:\Users\Ridlwan\.m2\repository\org\springframework\spring-expression\5.1.14.RELEASE\spring-expression-5.1.14.RELEASE.jar;C:\Users\Ridlwan\.m2\repository\org\springframework\boot\spring-boot-starter-web\2.1.13.RELEASE\spring-boot-starter-web-2.1.13.RELEASE.jar;C:\Users\Ridlwan\.m2\repository\org\springframework\boot\spring-boot-starter-json\2.1.13.RELEASE\spring-boot-starter-json-2.1.13.RELEASE.jar;C:\Users\Ridlwan\.m2\repository\com\fasterxml\jackson\core\jackson-databind\2.9.10.3\jackson-databind-2.9.10.3.jar;C:\Users\Ridlwan\.m2\repository\com\fasterxml\jackson\core\jackson-annotations\2.9.10\jackson-annotations-2.9.10.jar;C:\Users\Ridlwan\.m2\repository\com\fasterxml\jackson\core\jackson-core\2.9.10\jackson-core-2.9.10.jar;C:\Users\Ridlwan\.m2\repository\com\fasterxml\jackson\datatype\jackson-datatype-jdk8\2.9.10\jackson-datatype-jdk8-2.9.10.jar;C:\Users\Ridlwan\.m2\repository\com\fasterxml\jackson\datatype\jackson-datatype-jsr310\2.9.10\jackson-datatype-jsr310-2.9.10.jar;C:\Users\Ridlwan\.m2\repository\com\fasterxml\jackson\module\jackson-module-parameter-names\2.9.10\jackson-module-parameter-names-2.9.10.jar;C:\Users\Ridlwan\.m2\repository\org\springframework\boot\spring-boot-starter-tomcat\2.1.13.RELEASE\spring-boot-starter-tomcat-2.1.13.RELEASE.jar;C:\Users\Ridlwan\.m2\repository\org\apache\tomcat\embed\tomcat-embed-core\9.0.31\tomcat-embed-core-9.0.31.jar;C:\Users\Ridlwan\.m2\repository\org\apache\tomcat\embed\tomcat-embed-el\9.0.31\tomcat-embed-el-9.0.31.jar;C:\Users\Ridlwan\.m2\repository\org\apache\tomcat\embed\tomcat-embed-websocket\9.0.31\tomcat-embed-websocket-9.0.31.jar;C:\Users\Ridlwan\.m2\repository\org\hibernate\validator\hibernate-validator\6.0.18.Final\hibernate-validator-6.0.18.Final.jar;C:\Users\Ridlwan\.m2\repository\javax\validation\validation-api\2.0.1.Final\validation-api-2.0.1.Final.jar;C:\Users\Ridlwan\.m2\repository\org\springframework\spring-web\5.1.14.RELEASE\spring-web-5.1.14.RELEASE.jar;C:\Users\Ridlwan\.m2\repository\org\springframework\spring-webmvc\5.1.14.RELEASE\spring-webmvc-5.1.14.RELEASE.jar;C:\Users\Ridlwan\.m2\repository\org\springframework\boot\spring-boot-starter-test\2.1.13.RELEASE\spring-boot-starter-test-2.1.13.RELEASE.jar;C:\Users\Ridlwan\.m2\repository\org\springframework\boot\spring-boot-test\2.1.13.RELEASE\spring-boot-test-2.1.13.RELEASE.jar;C:\Users\Ridlwan\.m2\repository\org\springframework\boot\spring-boot-test-autoconfigure\2.1.13.RELEASE\spring-boot-test-autoconfigure-2.1.13.RELEASE.jar;C:\Users\Ridlwan\.m2\repository\com\jayway\jsonpath\json-path\2.4.0\json-path-2.4.0.jar;C:\Users\Ridlwan\.m2\repository\net\minidev\json-smart\2.3\json-smart-2.3.jar;C:\Users\Ridlwan\.m2\repository\net\minidev\accessors-smart\1.2\accessors-smart-1.2.jar;C:\Users\Ridlwan\.m2\repository\org\ow2\asm\asm\5.0.4\asm-5.0.4.jar;C:\Users\Ridlwan\.m2\repository\junit\junit\4.12\junit-4.12.jar;C:\Users\Ridlwan\.m2\repository\org\assertj\assertj-core\3.11.1\assertj-core-3.11.1.jar;C:\Users\Ridlwan\.m2\repository\org\mockito\mockito-core\2.23.4\mockito-core-2.23.4.jar;C:\Users\Ridlwan\.m2\repository\net\bytebuddy\byte-buddy-agent\1.9.16\byte-buddy-agent-1.9.16.jar;C:\Users\Ridlwan\.m2\repository\org\objenesis\objenesis\2.6\objenesis-2.6.jar;C:\Users\Ridlwan\.m2\repository\org\hamcrest\hamcrest-core\1.3\hamcrest-core-1.3.jar;C:\Users\Ridlwan\.m2\repository\org\hamcrest\hamcrest-library\1.3\hamcrest-library-1.3.jar;C:\Users\Ridlwan\.m2\repository\org\skyscreamer\jsonassert\1.5.0\jsonassert-1.5.0.jar;C:\Users\Ridlwan\.m2\repository\com\vaadin\external\google\android-json\0.0.20131108.vaadin1\android-json-0.0.20131108.vaadin1.jar;C:\Users\Ridlwan\.m2\repository\org\springframework\spring-core\5.1.14.RELEASE\spring-core-5.1.14.RELEASE.jar;C:\Users\Ridlwan\.m2\repository\org\springframework\spring-jcl\5.1.14.RELEASE\spring-jcl-5.1.14.RELEASE.jar;C:\Users\Ridlwan\.m2\repository\org\springframework\spring-test\5.1.14.RELEASE\spring-test-5.1.14.RELEASE.jar;C:\Users\Ridlwan\.m2\repository\org\xmlunit\xmlunit-core\2.6.3\xmlunit-core-2.6.3.jar;C:\Users\Ridlwan\.m2\repository\org\springframework\security\spring-security-test\5.1.8.RELEASE\spring-security-test-5.1.8.RELEASE.jar;C:\Users\Ridlwan\.m2\repository\org\springframework\security\spring-security-core\5.1.8.RELEASE\spring-security-core-5.1.8.RELEASE.jar;C:\Users\Ridlwan\.m2\repository\com\oracle\ojdbc6\11.2.0\ojdbc6-11.2.0.jar;C:\Users\Ridlwan\.m2\repository\org\springframework\boot\spring-boot-starter-thymeleaf\2.1.13.RELEASE\spring-boot-starter-thymeleaf-2.1.13.RELEASE.jar;C:\Users\Ridlwan\.m2\repository\org\thymeleaf\thymeleaf-spring5\3.0.11.RELEASE\thymeleaf-spring5-3.0.11.RELEASE.jar;C:\Users\Ridlwan\.m2\repository\org\thymeleaf\thymeleaf\3.0.11.RELEASE\thymeleaf-3.0.11.RELEASE.jar;C:\Users\Ridlwan\.m2\repository\org\attoparser\attoparser\2.0.5.RELEASE\attoparser-2.0.5.RELEASE.jar;C:\Users\Ridlwan\.m2\repository\org\unbescape\unbescape\1.1.6.RELEASE\unbescape-1.1.6.RELEASE.jar;C:\Users\Ridlwan\.m2\repository\org\thymeleaf\extras\thymeleaf-extras-java8time\3.0.4.RELEASE\thymeleaf-extras-java8time-3.0.4.RELEASE.jar;"/>
    <property name="java.vm.vendor" value="Oracle Corporation"/>
    <property name="sun.arch.data.model" value="64"/>
    <property name="user.variant" value=""/>
    <property name="java.vendor.url" value="http://java.oracle.com/"/>
    <property name="user.timezone" value="Asia/Bangkok"/>
    <property name="java.vm.specification.version" value="1.8"/>
    <property name="os.name" value="Windows 10"/>
    <property name="user.country" value="ID"/>
    <property name="sun.java.launcher" value="SUN_STANDARD"/>
    <property name="sun.boot.library.path" value="C:\Program Files\Java\jdk1.8.0_171\jre\bin"/>
    <property name="sun.java.command" value="C:\Users\Ridlwan\AppData\Local\Temp\surefire4076112231454093913\surefirebooter6480831415149985782.jar C:\Users\Ridlwan\AppData\Local\Temp\surefire4076112231454093913 2020-05-08T23-19-48_535-jvmRun1 surefire8821732685064797000tmp surefire_08700490243321925827tmp"/>
    <property name="surefire.test.class.path" value="D:\Eclipse\2019\eclipse-workspace\openshift\target\test-classes;D:\Eclipse\2019\eclipse-workspace\openshift\target\classes;C:\Users\Ridlwan\.m2\repository\org\springframework\boot\spring-boot-starter-data-jpa\2.1.13.RELEASE\spring-boot-starter-data-jpa-2.1.13.RELEASE.jar;C:\Users\Ridlwan\.m2\repository\org\springframework\boot\spring-boot-starter-aop\2.1.13.RELEASE\spring-boot-starter-aop-2.1.13.RELEASE.jar;C:\Users\Ridlwan\.m2\repository\org\aspectj\aspectjweaver\1.9.5\aspectjweaver-1.9.5.jar;C:\Users\Ridlwan\.m2\repository\org\springframework\boot\spring-boot-starter-jdbc\2.1.13.RELEASE\spring-boot-starter-jdbc-2.1.13.RELEASE.jar;C:\Users\Ridlwan\.m2\repository\com\zaxxer\HikariCP\3.2.0\HikariCP-3.2.0.jar;C:\Users\Ridlwan\.m2\repository\org\springframework\spring-jdbc\5.1.14.RELEASE\spring-jdbc-5.1.14.RELEASE.jar;C:\Users\Ridlwan\.m2\repository\javax\transaction\javax.transaction-api\1.3\javax.transaction-api-1.3.jar;C:\Users\Ridlwan\.m2\repository\javax\xml\bind\jaxb-api\2.3.1\jaxb-api-2.3.1.jar;C:\Users\Ridlwan\.m2\repository\javax\activation\javax.activation-api\1.2.0\javax.activation-api-1.2.0.jar;C:\Users\Ridlwan\.m2\repository\org\hibernate\hibernate-core\5.3.15.Final\hibernate-core-5.3.15.Final.jar;C:\Users\Ridlwan\.m2\repository\org\jboss\logging\jboss-logging\3.3.3.Final\jboss-logging-3.3.3.Final.jar;C:\Users\Ridlwan\.m2\repository\javax\persistence\javax.persistence-api\2.2\javax.persistence-api-2.2.jar;C:\Users\Ridlwan\.m2\repository\org\javassist\javassist\3.23.2-GA\javassist-3.23.2-GA.jar;C:\Users\Ridlwan\.m2\repository\net\bytebuddy\byte-buddy\1.9.16\byte-buddy-1.9.16.jar;C:\Users\Ridlwan\.m2\repository\antlr\antlr\2.7.7\antlr-2.7.7.jar;C:\Users\Ridlwan\.m2\repository\org\jboss\jandex\2.0.5.Final\jandex-2.0.5.Final.jar;C:\Users\Ridlwan\.m2\repository\com\fasterxml\classmate\1.4.0\classmate-1.4.0.jar;C:\Users\Ridlwan\.m2\repository\org\dom4j\dom4j\2.1.1\dom4j-2.1.1.jar;C:\Users\Ridlwan\.m2\repository\org\hibernate\common\hibernate-commons-annotations\5.0.4.Final\hibernate-commons-annotations-5.0.4.Final.jar;C:\Users\Ridlwan\.m2\repository\org\glassfish\jaxb\jaxb-runtime\2.3.1\jaxb-runtime-2.3.1.jar;C:\Users\Ridlwan\.m2\repository\org\glassfish\jaxb\txw2\2.3.1\txw2-2.3.1.jar;C:\Users\Ridlwan\.m2\repository\com\sun\istack\istack-commons-runtime\3.0.7\istack-commons-runtime-3.0.7.jar;C:\Users\Ridlwan\.m2\repository\org\jvnet\staxex\stax-ex\1.8\stax-ex-1.8.jar;C:\Users\Ridlwan\.m2\repository\com\sun\xml\fastinfoset\FastInfoset\1.2.15\FastInfoset-1.2.15.jar;C:\Users\Ridlwan\.m2\repository\org\springframework\data\spring-data-jpa\2.1.16.RELEASE\spring-data-jpa-2.1.16.RELEASE.jar;C:\Users\Ridlwan\.m2\repository\org\springframework\data\spring-data-commons\2.1.16.RELEASE\spring-data-commons-2.1.16.RELEASE.jar;C:\Users\Ridlwan\.m2\repository\org\springframework\spring-orm\5.1.14.RELEASE\spring-orm-5.1.14.RELEASE.jar;C:\Users\Ridlwan\.m2\repository\org\springframework\spring-context\5.1.14.RELEASE\spring-context-5.1.14.RELEASE.jar;C:\Users\Ridlwan\.m2\repository\org\springframework\spring-tx\5.1.14.RELEASE\spring-tx-5.1.14.RELEASE.jar;C:\Users\Ridlwan\.m2\repository\org\springframework\spring-beans\5.1.14.RELEASE\spring-beans-5.1.14.RELEASE.jar;C:\Users\Ridlwan\.m2\repository\org\slf4j\slf4j-api\1.7.30\slf4j-api-1.7.30.jar;C:\Users\Ridlwan\.m2\repository\org\springframework\spring-aspects\5.1.14.RELEASE\spring-aspects-5.1.14.RELEASE.jar;C:\Users\Ridlwan\.m2\repository\org\springframework\boot\spring-boot-starter-security\2.1.13.RELEASE\spring-boot-starter-security-2.1.13.RELEASE.jar;C:\Users\Ridlwan\.m2\repository\org\springframework\boot\spring-boot-starter\2.1.13.RELEASE\spring-boot-starter-2.1.13.RELEASE.jar;C:\Users\Ridlwan\.m2\repository\org\springframework\boot\spring-boot\2.1.13.RELEASE\spring-boot-2.1.13.RELEASE.jar;C:\Users\Ridlwan\.m2\repository\org\springframework\boot\spring-boot-autoconfigure\2.1.13.RELEASE\spring-boot-autoconfigure-2.1.13.RELEASE.jar;C:\Users\Ridlwan\.m2\repository\org\springframework\boot\spring-boot-starter-logging\2.1.13.RELEASE\spring-boot-starter-logging-2.1.13.RELEASE.jar;C:\Users\Ridlwan\.m2\repository\ch\qos\logback\logback-classic\1.2.3\logback-classic-1.2.3.jar;C:\Users\Ridlwan\.m2\repository\ch\qos\logback\logback-core\1.2.3\logback-core-1.2.3.jar;C:\Users\Ridlwan\.m2\repository\org\apache\logging\log4j\log4j-to-slf4j\2.11.2\log4j-to-slf4j-2.11.2.jar;C:\Users\Ridlwan\.m2\repository\org\apache\logging\log4j\log4j-api\2.11.2\log4j-api-2.11.2.jar;C:\Users\Ridlwan\.m2\repository\org\slf4j\jul-to-slf4j\1.7.30\jul-to-slf4j-1.7.30.jar;C:\Users\Ridlwan\.m2\repository\javax\annotation\javax.annotation-api\1.3.2\javax.annotation-api-1.3.2.jar;C:\Users\Ridlwan\.m2\repository\org\yaml\snakeyaml\1.23\snakeyaml-1.23.jar;C:\Users\Ridlwan\.m2\repository\org\springframework\spring-aop\5.1.14.RELEASE\spring-aop-5.1.14.RELEASE.jar;C:\Users\Ridlwan\.m2\repository\org\springframework\security\spring-security-config\5.1.8.RELEASE\spring-security-config-5.1.8.RELEASE.jar;C:\Users\Ridlwan\.m2\repository\org\springframework\security\spring-security-web\5.1.8.RELEASE\spring-security-web-5.1.8.RELEASE.jar;C:\Users\Ridlwan\.m2\repository\org\springframework\spring-expression\5.1.14.RELEASE\spring-expression-5.1.14.RELEASE.jar;C:\Users\Ridlwan\.m2\repository\org\springframework\boot\spring-boot-starter-web\2.1.13.RELEASE\spring-boot-starter-web-2.1.13.RELEASE.jar;C:\Users\Ridlwan\.m2\repository\org\springframework\boot\spring-boot-starter-json\2.1.13.RELEASE\spring-boot-starter-json-2.1.13.RELEASE.jar;C:\Users\Ridlwan\.m2\repository\com\fasterxml\jackson\core\jackson-databind\2.9.10.3\jackson-databind-2.9.10.3.jar;C:\Users\Ridlwan\.m2\repository\com\fasterxml\jackson\core\jackson-annotations\2.9.10\jackson-annotations-2.9.10.jar;C:\Users\Ridlwan\.m2\repository\com\fasterxml\jackson\core\jackson-core\2.9.10\jackson-core-2.9.10.jar;C:\Users\Ridlwan\.m2\repository\com\fasterxml\jackson\datatype\jackson-datatype-jdk8\2.9.10\jackson-datatype-jdk8-2.9.10.jar;C:\Users\Ridlwan\.m2\repository\com\fasterxml\jackson\datatype\jackson-datatype-jsr310\2.9.10\jackson-datatype-jsr310-2.9.10.jar;C:\Users\Ridlwan\.m2\repository\com\fasterxml\jackson\module\jackson-module-parameter-names\2.9.10\jackson-module-parameter-names-2.9.10.jar;C:\Users\Ridlwan\.m2\repository\org\springframework\boot\spring-boot-starter-tomcat\2.1.13.RELEASE\spring-boot-starter-tomcat-2.1.13.RELEASE.jar;C:\Users\Ridlwan\.m2\repository\org\apache\tomcat\embed\tomcat-embed-core\9.0.31\tomcat-embed-core-9.0.31.jar;C:\Users\Ridlwan\.m2\repository\org\apache\tomcat\embed\tomcat-embed-el\9.0.31\tomcat-embed-el-9.0.31.jar;C:\Users\Ridlwan\.m2\repository\org\apache\tomcat\embed\tomcat-embed-websocket\9.0.31\tomcat-embed-websocket-9.0.31.jar;C:\Users\Ridlwan\.m2\repository\org\hibernate\validator\hibernate-validator\6.0.18.Final\hibernate-validator-6.0.18.Final.jar;C:\Users\Ridlwan\.m2\repository\javax\validation\validation-api\2.0.1.Final\validation-api-2.0.1.Final.jar;C:\Users\Ridlwan\.m2\repository\org\springframework\spring-web\5.1.14.RELEASE\spring-web-5.1.14.RELEASE.jar;C:\Users\Ridlwan\.m2\repository\org\springframework\spring-webmvc\5.1.14.RELEASE\spring-webmvc-5.1.14.RELEASE.jar;C:\Users\Ridlwan\.m2\repository\org\springframework\boot\spring-boot-starter-test\2.1.13.RELEASE\spring-boot-starter-test-2.1.13.RELEASE.jar;C:\Users\Ridlwan\.m2\repository\org\springframework\boot\spring-boot-test\2.1.13.RELEASE\spring-boot-test-2.1.13.RELEASE.jar;C:\Users\Ridlwan\.m2\repository\org\springframework\boot\spring-boot-test-autoconfigure\2.1.13.RELEASE\spring-boot-test-autoconfigure-2.1.13.RELEASE.jar;C:\Users\Ridlwan\.m2\repository\com\jayway\jsonpath\json-path\2.4.0\json-path-2.4.0.jar;C:\Users\Ridlwan\.m2\repository\net\minidev\json-smart\2.3\json-smart-2.3.jar;C:\Users\Ridlwan\.m2\repository\net\minidev\accessors-smart\1.2\accessors-smart-1.2.jar;C:\Users\Ridlwan\.m2\repository\org\ow2\asm\asm\5.0.4\asm-5.0.4.jar;C:\Users\Ridlwan\.m2\repository\junit\junit\4.12\junit-4.12.jar;C:\Users\Ridlwan\.m2\repository\org\assertj\assertj-core\3.11.1\assertj-core-3.11.1.jar;C:\Users\Ridlwan\.m2\repository\org\mockito\mockito-core\2.23.4\mockito-core-2.23.4.jar;C:\Users\Ridlwan\.m2\repository\net\bytebuddy\byte-buddy-agent\1.9.16\byte-buddy-agent-1.9.16.jar;C:\Users\Ridlwan\.m2\repository\org\objenesis\objenesis\2.6\objenesis-2.6.jar;C:\Users\Ridlwan\.m2\repository\org\hamcrest\hamcrest-core\1.3\hamcrest-core-1.3.jar;C:\Users\Ridlwan\.m2\repository\org\hamcrest\hamcrest-library\1.3\hamcrest-library-1.3.jar;C:\Users\Ridlwan\.m2\repository\org\skyscreamer\jsonassert\1.5.0\jsonassert-1.5.0.jar;C:\Users\Ridlwan\.m2\repository\com\vaadin\external\google\android-json\0.0.20131108.vaadin1\android-json-0.0.20131108.vaadin1.jar;C:\Users\Ridlwan\.m2\repository\org\springframework\spring-core\5.1.14.RELEASE\spring-core-5.1.14.RELEASE.jar;C:\Users\Ridlwan\.m2\repository\org\springframework\spring-jcl\5.1.14.RELEASE\spring-jcl-5.1.14.RELEASE.jar;C:\Users\Ridlwan\.m2\repository\org\springframework\spring-test\5.1.14.RELEASE\spring-test-5.1.14.RELEASE.jar;C:\Users\Ridlwan\.m2\repository\org\xmlunit\xmlunit-core\2.6.3\xmlunit-core-2.6.3.jar;C:\Users\Ridlwan\.m2\repository\org\springframework\security\spring-security-test\5.1.8.RELEASE\spring-security-test-5.1.8.RELEASE.jar;C:\Users\Ridlwan\.m2\repository\org\springframework\security\spring-security-core\5.1.8.RELEASE\spring-security-core-5.1.8.RELEASE.jar;C:\Users\Ridlwan\.m2\repository\com\oracle\ojdbc6\11.2.0\ojdbc6-11.2.0.jar;C:\Users\Ridlwan\.m2\repository\org\springframework\boot\spring-boot-starter-thymeleaf\2.1.13.RELEASE\spring-boot-starter-thymeleaf-2.1.13.RELEASE.jar;C:\Users\Ridlwan\.m2\repository\org\thymeleaf\thymeleaf-spring5\3.0.11.RELEASE\thymeleaf-spring5-3.0.11.RELEASE.jar;C:\Users\Ridlwan\.m2\repository\org\thymeleaf\thymeleaf\3.0.11.RELEASE\thymeleaf-3.0.11.RELEASE.jar;C:\Users\Ridlwan\.m2\repository\org\attoparser\attoparser\2.0.5.RELEASE\attoparser-2.0.5.RELEASE.jar;C:\Users\Ridlwan\.m2\repository\org\unbescape\unbescape\1.1.6.RELEASE\unbescape-1.1.6.RELEASE.jar;C:\Users\Ridlwan\.m2\repository\org\thymeleaf\extras\thymeleaf-extras-java8time\3.0.4.RELEASE\thymeleaf-extras-java8time-3.0.4.RELEASE.jar;"/>
    <property name="sun.cpu.endian" value="little"/>
    <property name="user.home" value="C:\Users\Ridlwan"/>
    <property name="user.language" value="en"/>
    <property name="java.specification.vendor" value="Oracle Corporation"/>
    <property name="java.home" value="C:\Program Files\Java\jdk1.8.0_171\jre"/>
    <property name="basedir" value="D:\Eclipse\2019\eclipse-workspace\openshift"/>
    <property name="file.separator" value="\"/>
    <property name="line.separator" value="&#10;"/>
    <property name="java.vm.specification.vendor" value="Oracle Corporation"/>
    <property name="java.specification.name" value="Java Platform API Specification"/>
    <property name="java.awt.graphicsenv" value="sun.awt.Win32GraphicsEnvironment"/>
    <property name="surefire.real.class.path" value="C:\Users\Ridlwan\AppData\Local\Temp\surefire4076112231454093913\surefirebooter6480831415149985782.jar"/>
    <property name="sun.boot.class.path" value="C:\Program Files\Java\jdk1.8.0_171\jre\lib\resources.jar;C:\Program Files\Java\jdk1.8.0_171\jre\lib\rt.jar;C:\Program Files\Java\jdk1.8.0_171\jre\lib\sunrsasign.jar;C:\Program Files\Java\jdk1.8.0_171\jre\lib\jsse.jar;C:\Program Files\Java\jdk1.8.0_171\jre\lib\jce.jar;C:\Program Files\Java\jdk1.8.0_171\jre\lib\charsets.jar;C:\Program Files\Java\jdk1.8.0_171\jre\lib\jfr.jar;C:\Program Files\Java\jdk1.8.0_171\jre\classes"/>
    <property name="user.script" value=""/>
    <property name="sun.management.compiler" value="HotSpot 64-Bit Tiered Compilers"/>
    <property name="java.runtime.version" value="1.8.0_171-b11"/>
    <property name="user.name" value="Ridlwan"/>
    <property name="path.separator" value=";"/>
    <property name="os.version" value="10.0"/>
    <property name="java.endorsed.dirs" value="C:\Program Files\Java\jdk1.8.0_171\jre\lib\endorsed"/>
    <property name="java.runtime.name" value="Java(TM) SE Runtime Environment"/>
    <property name="file.encoding" value="Cp1252"/>
    <property name="java.vm.name" value="Java HotSpot(TM) 64-Bit Server VM"/>
    <property name="localRepository" value="C:\Users\Ridlwan\.m2\repository"/>
    <property name="java.vendor.url.bug" value="http://bugreport.sun.com/bugreport/"/>
    <property name="java.io.tmpdir" value="C:\Users\Ridlwan\AppData\Local\Temp\"/>
    <property name="java.version" value="1.8.0_171"/>
    <property name="user.dir" value="D:\Eclipse\2019\eclipse-workspace\openshift"/>
    <property name="os.arch" value="amd64"/>
    <property name="java.vm.specification.name" value="Java Virtual Machine Specification"/>
    <property name="java.awt.printerjob" value="sun.awt.windows.WPrinterJob"/>
    <property name="sun.os.patch.level" value=""/>
    <property name="java.library.path" value="C:\Program Files\Java\jdk1.8.0_171\jre\bin;C:\WINDOWS\Sun\Java\bin;C:\WINDOWS\system32;C:\WINDOWS;C:/Program Files/Java/jdk1.8.0_171/bin/../jre/bin/server;C:/Program Files/Java/jdk1.8.0_171/bin/../jre/bin;C:/Program Files/Java/jdk1.8.0_171/bin/../jre/lib/amd64;C:\ProgramData\DockerDesktop\version-bin;C:\Program Files\Docker\Docker\Resources\bin;C:\Program Files\Java\jdk1.8.0_171\bin;C:\Program Files (x86)\Common Files\Oracle\Java\javapath;D:\oracle\app\oracle\product\11.2.0\server\bin;C:\Program Files (x86)\Common Files\Intel\Shared Libraries\redist\intel64\compiler;C:\app\Ridlwan\product\11.2.0\client_1\bin;C:\Program Files (x86)\Intel\iCLS Client\;C:\Program Files\Intel\iCLS Client\;C:\Windows\system32;C:\Windows;C:\Windows\System32\Wbem;C:\Windows\System32\WindowsPowerShell\v1.0\;C:\Program Files (x86)\NVIDIA Corporation\PhysX\Common;C:\Program Files (x86)\Intel\Intel(R) Management Engine Components\DAL;C:\Program Files\Intel\Intel(R) Management Engine Components\DAL;C:\Program Files (x86)\Intel\Intel(R) Management Engine Components\IPT;C:\Program Files\Intel\Intel(R) Management Engine Components\IPT;C:\Program Files\Intel\WiFi\bin\;C:\Program Files\Common Files\Intel\WirelessCommon\;C:\Program Files\Apache\maven\bin;C:\Program Files\Git\cmd;C:\WINDOWS\system32;C:\WINDOWS;C:\WINDOWS\System32\Wbem;C:\WINDOWS\System32\WindowsPowerShell\v1.0\;C:\WINDOWS\System32\OpenSSH\;C:\xampp\php;C:\ProgramData\ComposerSetup\bin;C:\Program Files\VisualSVN Server\bin;C:\Program Files\dotnet\;C:\Program Files\Microsoft SQL Server\130\Tools\Binn\;C:\PostgreSQL\pg10\bin;C:\Program Files\TortoiseSVN\bin;C:\Program Files (x86)\Bitvise SSH Client;D:\tools\flutter\flutter\bin;C:\Program Files\nodejs\;D:\tools\gradle\bin;D:\training\prerequisites;C:\Users\Ridlwan\AppData\Local\Microsoft\WindowsApps;C:\Users\Ridlwan\AppData\Roaming\Composer\vendor\bin;C:\Users\Ridlwan\AppData\Local\Programs\Microsoft VS Code Insiders\bin;C:\Users\Ridlwan\AppData\Roaming\npm;;D:\Eclipse\2019\eclipse;;."/>
    <property name="java.vm.info" value="mixed mode"/>
    <property name="java.vendor" value="Oracle Corporation"/>
    <property name="java.vm.version" value="25.171-b11"/>
    <property name="java.ext.dirs" value="C:\Program Files\Java\jdk1.8.0_171\jre\lib\ext;C:\WINDOWS\Sun\Java\lib\ext"/>
    <property name="sun.io.unicode.encoding" value="UnicodeLittle"/>
    <property name="java.class.version" value="52.0"/>
  </properties>
  <testcase name="contextLoads" classname="com.example.demo.openshift.OpenshiftApplicationTests" time="0.21"/>
</testsuite>